  pugixml.cpp
  app.cpp
  arrowbutton.cpp
  dropdownbutton.cpp
  entry.cpp
  genrebutton.cpp
  maincpp.cpp
  menu.cpp
C:\Users\nikta\Desktop\GUI - Copy\GUI\menu.cpp(205,8): warning C4804: '<': unsafe use of type 'bool' in operation
C:\Users\nikta\Desktop\GUI - Copy\GUI\menu.cpp(244,8): warning C4804: '<': unsafe use of type 'bool' in operation
C:\Users\nikta\Desktop\GUI - Copy\GUI\menu.cpp(278,36): warning C4244: 'argument': conversion from 'int' to 'float', possible loss of data
C:\Users\nikta\Desktop\GUI - Copy\GUI\menu.cpp(358,21): warning C4244: 'argument': conversion from 'float' to 'int', possible loss of data
  okbutton.cpp
  slider.cpp
C:\Users\nikta\Desktop\GUI - Copy\GUI\slider.cpp(84,14): warning C4244: '=': conversion from 'float' to 'int', possible loss of data
  Generating Code...
sggd.lib(graphics.obj) : warning LNK4099: PDB 'sggd.pdb' was not found with 'sggd.lib(graphics.obj)' or at 'C:\Users\nikta\Desktop\GUI - Copy\bin\sggd.pdb'; linking object as if no debug info
sggd.lib(GLbackend.obj) : warning LNK4099: PDB 'sggd.pdb' was not found with 'sggd.lib(GLbackend.obj)' or at 'C:\Users\nikta\Desktop\GUI - Copy\bin\sggd.pdb'; linking object as if no debug info
sggd.lib(shader.obj) : warning LNK4099: PDB 'sggd.pdb' was not found with 'sggd.lib(shader.obj)' or at 'C:\Users\nikta\Desktop\GUI - Copy\bin\sggd.pdb'; linking object as if no debug info
sggd.lib(fonts.obj) : warning LNK4099: PDB 'sggd.pdb' was not found with 'sggd.lib(fonts.obj)' or at 'C:\Users\nikta\Desktop\GUI - Copy\bin\sggd.pdb'; linking object as if no debug info
sggd.lib(texture.obj) : warning LNK4099: PDB 'sggd.pdb' was not found with 'sggd.lib(texture.obj)' or at 'C:\Users\nikta\Desktop\GUI - Copy\bin\sggd.pdb'; linking object as if no debug info
sggd.lib(AudioManager.obj) : warning LNK4099: PDB 'sggd.pdb' was not found with 'sggd.lib(AudioManager.obj)' or at 'C:\Users\nikta\Desktop\GUI - Copy\bin\sggd.pdb'; linking object as if no debug info
sggd.lib(lodepng.obj) : warning LNK4099: PDB 'sggd.pdb' was not found with 'sggd.lib(lodepng.obj)' or at 'C:\Users\nikta\Desktop\GUI - Copy\bin\sggd.pdb'; linking object as if no debug info
  GUI.vcxproj -> C:\Users\nikta\Desktop\GUI - Copy\bin\GUId.exe
